[debug] [2021-08-26T14:56:30.625Z] ----------------------------------------------------------------------
[debug] [2021-08-26T14:56:30.627Z] Command:       C:\Program Files\nodejs\node.exe C:\Users\Akshat Khaitan\AppData\Roaming\npm\node_modules\firebase-tools\lib\bin\firebase.js init
[debug] [2021-08-26T14:56:30.627Z] CLI Version:   9.16.5
[debug] [2021-08-26T14:56:30.627Z] Platform:      win32
[debug] [2021-08-26T14:56:30.627Z] Node Version:  v14.17.5
[debug] [2021-08-26T14:56:30.628Z] Time:          Thu Aug 26 2021 20:26:30 GMT+0530 (India Standard Time)
[debug] [2021-08-26T14:56:30.628Z] ----------------------------------------------------------------------
[debug] 
[debug] [2021-08-26T14:56:30.634Z] > command requires scopes: ["email","openid","https://www.googleapis.com/auth/cloudplatformprojects.readonly","https://www.googleapis.com/auth/firebase","https://www.googleapis.com/auth/cloud-platform"]
[debug] [2021-08-26T14:56:30.634Z] > authorizing via signed-in user (f20202055@hyderabad.bits-pilani.ac.in)
[info] 
     ######## #### ########  ######## ########     ###     ######  ########
     ##        ##  ##     ## ##       ##     ##  ##   ##  ##       ##
     ######    ##  ########  ######   ########  #########  ######  ######
     ##        ##  ##    ##  ##       ##     ## ##     ##       ## ##
     ##       #### ##     ## ######## ########  ##     ##  ######  ########

You're about to initialize a Firebase project in this directory:

  C:\Users\Akshat Khaitan\Desktop\amazon-clone

[info] 
=== Project Setup
[info] 
[info] First, let's associate this project directory with a Firebase project.
[info] You can create multiple project aliases by running firebase use --add, 
[info] but for now we'll just set up a default project.
[info] 
[debug] [2021-08-26T14:56:37.499Z] >>> [apiv2][query] GET https://firebase.googleapis.com/v1beta1/projects pageSize=100
[debug] [2021-08-26T14:56:38.295Z] <<< [apiv2][status] GET https://firebase.googleapis.com/v1beta1/projects 200
[debug] [2021-08-26T14:56:38.295Z] <<< [apiv2][body] GET https://firebase.googleapis.com/v1beta1/projects [omitted]
[info] i  Using project challenge-be63b (amazon-challenge) 
[info] 
=== Hosting Setup
[info] 
[info] Your public directory is the folder (relative to your project directory) that
[info] will contain Hosting assets to be uploaded with firebase deploy. If you
[info] have a build process for your assets, use your build's output directory.
[info] 
[debug] [2021-08-26T14:57:28.055Z] >>> [apiv2][query] GET https://www.gstatic.com/firebasejs/releases.json [none]
[debug] [2021-08-26T14:57:28.333Z] <<< [apiv2][status] GET https://www.gstatic.com/firebasejs/releases.json 200
[debug] [2021-08-26T14:57:28.333Z] <<< [apiv2][body] GET https://www.gstatic.com/firebasejs/releases.json {"current":{"version":"9.0.0","browserURLCompat":"https://www.gstatic.com/firebasejs/9.0.0/firebase-compat.js","packageURL":"https://www.gstatic.com/firebasejs/9.0.0/firebase.tgz"},"live":{"version":"9.0","browserURLCompat":"https://www.gstatic.com/firebasejs/live/9.0/firebase-compat.js","packageURL":"https://www.gstatic.com/firebasejs/live/9.0/firebase.tgz"},"components":{"analytics":"https://www.gstatic.com/firebasejs/9.0.0/firebase-analytics.js","app":"https://www.gstatic.com/firebasejs/9.0.0/firebase-app.js","app-check":"https://www.gstatic.com/firebasejs/9.0.0/firebase-app-check.js","auth":"https://www.gstatic.com/firebasejs/9.0.0/firebase-auth.js","functions":"https://www.gstatic.com/firebasejs/9.0.0/firebase-functions.js","firestore":"https://www.gstatic.com/firebasejs/9.0.0/firebase-firestore.js","storage":"https://www.gstatic.com/firebasejs/9.0.0/firebase-storage.js","performance":"https://www.gstatic.com/firebasejs/9.0.0/firebase-performance.js","remote-config":"https://www.gstatic.com/firebasejs/9.0.0/firebase-remote-config.js","messaging":"https://www.gstatic.com/firebasejs/9.0.0/firebase-messaging.js","database":"https://www.gstatic.com/firebasejs/9.0.0/firebase-database.js","app-compat":"https://www.gstatic.com/firebasejs/9.0.0/firebase-app-compat.js","analytics-compat":"https://www.gstatic.com/firebasejs/9.0.0/firebase-analytics-compat.js","app-check-compat":"https://www.gstatic.com/firebasejs/9.0.0/firebase-app-check-compat.js","auth-compat":"https://www.gstatic.com/firebasejs/9.0.0/firebase-auth-compat.js","functions-compat":"https://www.gstatic.com/firebasejs/9.0.0/firebase-functions-compat.js","messaging-compat":"https://www.gstatic.com/firebasejs/9.0.0/firebase-messaging-compat.js","performance-compat":"https://www.gstatic.com/firebasejs/9.0.0/firebase-performance-compat.js","remote-config-compat":"https://www.gstatic.com/firebasejs/9.0.0/firebase-remote-config-compat.js","firestore-compat":"https://www.gstatic.com/firebasejs/9.0.0/firebase-firestore-compat.js","storage-compat":"https://www.gstatic.com/firebasejs/9.0.0/firebase-storage-compat.js","database-compat":"https://www.gstatic.com/firebasejs/9.0.0/firebase-database-compat.js","firestore-lite":"https://www.gstatic.com/firebasejs/9.0.0/firebase-firestore-lite.js","messaging-sw":"https://www.gstatic.com/firebasejs/9.0.0/firebase-messaging-sw.js","auth-cordova":"https://www.gstatic.com/firebasejs/9.0.0/firebase-auth-cordova.js","auth-react-native":"https://www.gstatic.com/firebasejs/9.0.0/firebase-auth-react-native.js","performance-standalone":"https://www.gstatic.com/firebasejs/9.0.0/firebase-performance-standalone.js","performance-standalone-compat":"https://www.gstatic.com/firebasejs/9.0.0/firebase-performance-standalone-compat.js"}}
[info] +  Wrote build/index.html 
[info] 
[info] i  Detected a .git folder at C:\Users\Akshat Khaitan\Desktop\amazon-clone 
[info] i  Authorizing with GitHub to upload your service account to a GitHub repository's secrets store. 
[info] 
[info] Visit this URL on this device to log in:
[info] https://github.com/login/oauth/authorize?client_id=89cf50f02ac6aaed3484&state=524789965&redirect_uri=http%3A%2F%2Flocalhost%3A9005&scope=read%3Auser%20repo%20public_repo
[info] 
[info] Waiting for authentication...
[debug] [2021-08-26T14:58:05.189Z] >>> HTTP REQUEST POST https://github.com/login/oauth/access_token  
 {"client_id":"89cf50f02ac6aaed3484","client_secret":"3330d14abc895d9a74d5f17cd7a00711fa2c5bf0","code":"2c51adb297cd1a4beec8","redirect_uri":"http://localhost:9005","state":"524789965"}
[debug] [2021-08-26T14:58:05.593Z] <<< HTTP RESPONSE 200 {"server":"GitHub.com","date":"Thu, 26 Aug 2021 14:56:46 GMT","content-type":"application/json; charset=utf-8","transfer-encoding":"chunked","vary":"X-PJAX, X-PJAX-Container, Accept-Encoding, Accept, X-Requested-With","permissions-policy":"interest-cohort=()","etag":"W/\"91296f7792799c663d65339be0513934\"","cache-control":"max-age=0, private, must-revalidate","strict-transport-security":"max-age=31536000; includeSubdomains; preload","x-frame-options":"deny","x-content-type-options":"nosniff","x-xss-protection":"0","referrer-policy":"origin-when-cross-origin, strict-origin-when-cross-origin","expect-ct":"max-age=2592000, report-uri=\"https://api.github.com/_private/browser/errors\"","content-security-policy":"default-src 'none'; base-uri 'self'; block-all-mixed-content; connect-src 'self' uploads.github.com www.githubstatus.com collector.githubapp.com api.github.com github-cloud.s3.amazonaws.com github-production-repository-file-5c1aeb.s3.amazonaws.com github-production-upload-manifest-file-7fdce7.s3.amazonaws.com github-production-user-asset-6210df.s3.amazonaws.com cdn.optimizely.com logx.optimizely.com/v1/events translator.github.com wss://alive.github.com; font-src github.githubassets.com; form-action 'self' github.com gist.github.com; frame-ancestors 'none'; frame-src render.githubusercontent.com viewscreen.githubusercontent.com; img-src 'self' data: github.githubassets.com identicons.github.com collector.githubapp.com github-cloud.s3.amazonaws.com secured-user-images.githubusercontent.com/ *.githubusercontent.com; manifest-src 'self'; media-src 'none'; script-src github.githubassets.com; style-src 'unsafe-inline' github.githubassets.com; worker-src github.com/socket-worker-b05e50fc.js gist.github.com/socket-worker-b05e50fc.js","x-github-request-id":"FEAE:3634:18BF005:1B83EE7:6127ABAE"}
[debug] [2021-08-26T14:58:05.601Z] >>> [apiv2][query] GET https://api.github.com/user [none]
[debug] [2021-08-26T14:58:06.094Z] <<< [apiv2][status] GET https://api.github.com/user 200
[debug] [2021-08-26T14:58:06.095Z] <<< [apiv2][body] GET https://api.github.com/user {"login":"akshatkhaitan","id":68317448,"node_id":"MDQ6VXNlcjY4MzE3NDQ4","avatar_url":"https://avatars.githubusercontent.com/u/68317448?v=4","gravatar_id":"","url":"https://api.github.com/users/akshatkhaitan","html_url":"https://github.com/akshatkhaitan","followers_url":"https://api.github.com/users/akshatkhaitan/followers","following_url":"https://api.github.com/users/akshatkhaitan/following{/other_user}","gists_url":"https://api.github.com/users/akshatkhaitan/gists{/gist_id}","starred_url":"https://api.github.com/users/akshatkhaitan/starred{/owner}{/repo}","subscriptions_url":"https://api.github.com/users/akshatkhaitan/subscriptions","organizations_url":"https://api.github.com/users/akshatkhaitan/orgs","repos_url":"https://api.github.com/users/akshatkhaitan/repos","events_url":"https://api.github.com/users/akshatkhaitan/events{/privacy}","received_events_url":"https://api.github.com/users/akshatkhaitan/received_events","type":"User","site_admin":false,"name":"AKSHAT KHAITAN","company":null,"blog":"","location":"Kolkata, India","email":null,"hireable":null,"bio":"Student at BITS Pilani ,Hyderabad Campus","twitter_username":null,"public_repos":5,"public_gists":0,"followers":7,"following":6,"created_at":"2020-07-15T05:46:08Z","updated_at":"2021-08-26T14:21:38Z","private_gists":0,"total_private_repos":4,"owned_private_repos":4,"disk_usage":302975,"collaborators":10,"two_factor_authentication":false,"plan":{"name":"pro","space":976562499,"collaborators":0,"private_repos":9999}}
[info] 
[info] +  Success! Logged into GitHub as akshatkhaitan 
[info] 
[debug] [2021-08-26T14:59:47.051Z] ----------------------------------------------------------------------
[debug] [2021-08-26T14:59:47.052Z] Command:       C:\Program Files\nodejs\node.exe C:\Users\Akshat Khaitan\AppData\Roaming\npm\node_modules\firebase-tools\lib\bin\firebase.js init
[debug] [2021-08-26T14:59:47.053Z] CLI Version:   9.16.5
[debug] [2021-08-26T14:59:47.053Z] Platform:      win32
[debug] [2021-08-26T14:59:47.053Z] Node Version:  v14.17.5
[debug] [2021-08-26T14:59:47.054Z] Time:          Thu Aug 26 2021 20:29:47 GMT+0530 (India Standard Time)
[debug] [2021-08-26T14:59:47.054Z] ----------------------------------------------------------------------
[debug] 
[debug] [2021-08-26T14:59:47.059Z] > command requires scopes: ["email","openid","https://www.googleapis.com/auth/cloudplatformprojects.readonly","https://www.googleapis.com/auth/firebase","https://www.googleapis.com/auth/cloud-platform"]
[debug] [2021-08-26T14:59:47.060Z] > authorizing via signed-in user (f20202055@hyderabad.bits-pilani.ac.in)
[info] 
     ######## #### ########  ######## ########     ###     ######  ########
     ##        ##  ##     ## ##       ##     ##  ##   ##  ##       ##
     ######    ##  ########  ######   ########  #########  ######  ######
     ##        ##  ##    ##  ##       ##     ## ##     ##       ## ##
     ##       #### ##     ## ######## ########  ##     ##  ######  ########

You're about to initialize a Firebase project in this directory:

  C:\Users\Akshat Khaitan\Desktop\amazon-clone

[info] 
=== Project Setup
[info] 
[info] First, let's associate this project directory with a Firebase project.
[info] You can create multiple project aliases by running firebase use --add, 
[info] but for now we'll just set up a default project.
[info] 
[debug] [2021-08-26T15:00:11.543Z] >>> [apiv2][query] GET https://firebase.googleapis.com/v1beta1/projects pageSize=100
[debug] [2021-08-26T15:00:12.171Z] <<< [apiv2][status] GET https://firebase.googleapis.com/v1beta1/projects 200
[debug] [2021-08-26T15:00:12.171Z] <<< [apiv2][body] GET https://firebase.googleapis.com/v1beta1/projects [omitted]
[info] i  Using project challenge-be63b (amazon-challenge) 
[info] 
=== Hosting Setup
[info] 
[info] Your public directory is the folder (relative to your project directory) that
[info] will contain Hosting assets to be uploaded with firebase deploy. If you
[info] have a build process for your assets, use your build's output directory.
[info] 
[debug] [2021-08-26T15:00:25.075Z] >>> [apiv2][query] GET https://www.gstatic.com/firebasejs/releases.json [none]
[debug] [2021-08-26T15:00:25.248Z] <<< [apiv2][status] GET https://www.gstatic.com/firebasejs/releases.json 200
[debug] [2021-08-26T15:00:25.249Z] <<< [apiv2][body] GET https://www.gstatic.com/firebasejs/releases.json {"current":{"version":"9.0.0","browserURLCompat":"https://www.gstatic.com/firebasejs/9.0.0/firebase-compat.js","packageURL":"https://www.gstatic.com/firebasejs/9.0.0/firebase.tgz"},"live":{"version":"9.0","browserURLCompat":"https://www.gstatic.com/firebasejs/live/9.0/firebase-compat.js","packageURL":"https://www.gstatic.com/firebasejs/live/9.0/firebase.tgz"},"components":{"analytics":"https://www.gstatic.com/firebasejs/9.0.0/firebase-analytics.js","app":"https://www.gstatic.com/firebasejs/9.0.0/firebase-app.js","app-check":"https://www.gstatic.com/firebasejs/9.0.0/firebase-app-check.js","auth":"https://www.gstatic.com/firebasejs/9.0.0/firebase-auth.js","functions":"https://www.gstatic.com/firebasejs/9.0.0/firebase-functions.js","firestore":"https://www.gstatic.com/firebasejs/9.0.0/firebase-firestore.js","storage":"https://www.gstatic.com/firebasejs/9.0.0/firebase-storage.js","performance":"https://www.gstatic.com/firebasejs/9.0.0/firebase-performance.js","remote-config":"https://www.gstatic.com/firebasejs/9.0.0/firebase-remote-config.js","messaging":"https://www.gstatic.com/firebasejs/9.0.0/firebase-messaging.js","database":"https://www.gstatic.com/firebasejs/9.0.0/firebase-database.js","app-compat":"https://www.gstatic.com/firebasejs/9.0.0/firebase-app-compat.js","analytics-compat":"https://www.gstatic.com/firebasejs/9.0.0/firebase-analytics-compat.js","app-check-compat":"https://www.gstatic.com/firebasejs/9.0.0/firebase-app-check-compat.js","auth-compat":"https://www.gstatic.com/firebasejs/9.0.0/firebase-auth-compat.js","functions-compat":"https://www.gstatic.com/firebasejs/9.0.0/firebase-functions-compat.js","messaging-compat":"https://www.gstatic.com/firebasejs/9.0.0/firebase-messaging-compat.js","performance-compat":"https://www.gstatic.com/firebasejs/9.0.0/firebase-performance-compat.js","remote-config-compat":"https://www.gstatic.com/firebasejs/9.0.0/firebase-remote-config-compat.js","firestore-compat":"https://www.gstatic.com/firebasejs/9.0.0/firebase-firestore-compat.js","storage-compat":"https://www.gstatic.com/firebasejs/9.0.0/firebase-storage-compat.js","database-compat":"https://www.gstatic.com/firebasejs/9.0.0/firebase-database-compat.js","firestore-lite":"https://www.gstatic.com/firebasejs/9.0.0/firebase-firestore-lite.js","messaging-sw":"https://www.gstatic.com/firebasejs/9.0.0/firebase-messaging-sw.js","auth-cordova":"https://www.gstatic.com/firebasejs/9.0.0/firebase-auth-cordova.js","auth-react-native":"https://www.gstatic.com/firebasejs/9.0.0/firebase-auth-react-native.js","performance-standalone":"https://www.gstatic.com/firebasejs/9.0.0/firebase-performance-standalone.js","performance-standalone-compat":"https://www.gstatic.com/firebasejs/9.0.0/firebase-performance-standalone-compat.js"}}
[info] +  Wrote build/index.html 
[info] 
[info] i  Detected a .git folder at C:\Users\Akshat Khaitan\Desktop\amazon-clone 
[info] i  Authorizing with GitHub to upload your service account to a GitHub repository's secrets store. 
[info] 
[info] Visit this URL on this device to log in:
[info] https://github.com/login/oauth/authorize?client_id=89cf50f02ac6aaed3484&state=797692528&redirect_uri=http%3A%2F%2Flocalhost%3A9005&scope=read%3Auser%20repo%20public_repo
[info] 
[info] Waiting for authentication...
[debug] [2021-08-26T15:00:44.948Z] >>> HTTP REQUEST POST https://github.com/login/oauth/access_token  
 {"client_id":"89cf50f02ac6aaed3484","client_secret":"3330d14abc895d9a74d5f17cd7a00711fa2c5bf0","code":"d4487868d975e4be027d","redirect_uri":"http://localhost:9005","state":"797692528"}
[debug] [2021-08-26T15:00:45.476Z] <<< HTTP RESPONSE 200 {"server":"GitHub.com","date":"Thu, 26 Aug 2021 14:59:26 GMT","content-type":"application/json; charset=utf-8","transfer-encoding":"chunked","vary":"X-PJAX, X-PJAX-Container, Accept-Encoding, Accept, X-Requested-With","permissions-policy":"interest-cohort=()","etag":"W/\"a69173802b47a2ef184549f88462ee9a\"","cache-control":"max-age=0, private, must-revalidate","strict-transport-security":"max-age=31536000; includeSubdomains; preload","x-frame-options":"deny","x-content-type-options":"nosniff","x-xss-protection":"0","referrer-policy":"origin-when-cross-origin, strict-origin-when-cross-origin","expect-ct":"max-age=2592000, report-uri=\"https://api.github.com/_private/browser/errors\"","content-security-policy":"default-src 'none'; base-uri 'self'; block-all-mixed-content; connect-src 'self' uploads.github.com www.githubstatus.com collector.githubapp.com api.github.com github-cloud.s3.amazonaws.com github-production-repository-file-5c1aeb.s3.amazonaws.com github-production-upload-manifest-file-7fdce7.s3.amazonaws.com github-production-user-asset-6210df.s3.amazonaws.com cdn.optimizely.com logx.optimizely.com/v1/events translator.github.com wss://alive.github.com; font-src github.githubassets.com; form-action 'self' github.com gist.github.com; frame-ancestors 'none'; frame-src render.githubusercontent.com viewscreen.githubusercontent.com; img-src 'self' data: github.githubassets.com identicons.github.com collector.githubapp.com github-cloud.s3.amazonaws.com secured-user-images.githubusercontent.com/ *.githubusercontent.com; manifest-src 'self'; media-src 'none'; script-src github.githubassets.com; style-src 'unsafe-inline' github.githubassets.com; worker-src github.com/socket-worker-b05e50fc.js gist.github.com/socket-worker-b05e50fc.js","x-github-request-id":"E5B2:01C7:228BC1:256B38:6127AC4D"}
[debug] [2021-08-26T15:00:45.483Z] >>> [apiv2][query] GET https://api.github.com/user [none]
[debug] [2021-08-26T15:00:45.913Z] <<< [apiv2][status] GET https://api.github.com/user 200
[debug] [2021-08-26T15:00:45.913Z] <<< [apiv2][body] GET https://api.github.com/user {"login":"akshatkhaitan","id":68317448,"node_id":"MDQ6VXNlcjY4MzE3NDQ4","avatar_url":"https://avatars.githubusercontent.com/u/68317448?v=4","gravatar_id":"","url":"https://api.github.com/users/akshatkhaitan","html_url":"https://github.com/akshatkhaitan","followers_url":"https://api.github.com/users/akshatkhaitan/followers","following_url":"https://api.github.com/users/akshatkhaitan/following{/other_user}","gists_url":"https://api.github.com/users/akshatkhaitan/gists{/gist_id}","starred_url":"https://api.github.com/users/akshatkhaitan/starred{/owner}{/repo}","subscriptions_url":"https://api.github.com/users/akshatkhaitan/subscriptions","organizations_url":"https://api.github.com/users/akshatkhaitan/orgs","repos_url":"https://api.github.com/users/akshatkhaitan/repos","events_url":"https://api.github.com/users/akshatkhaitan/events{/privacy}","received_events_url":"https://api.github.com/users/akshatkhaitan/received_events","type":"User","site_admin":false,"name":"AKSHAT KHAITAN","company":null,"blog":"","location":"Kolkata, India","email":null,"hireable":null,"bio":"Student at BITS Pilani ,Hyderabad Campus","twitter_username":null,"public_repos":5,"public_gists":0,"followers":7,"following":6,"created_at":"2020-07-15T05:46:08Z","updated_at":"2021-08-26T14:59:25Z","private_gists":0,"total_private_repos":4,"owned_private_repos":4,"disk_usage":302975,"collaborators":10,"two_factor_authentication":false,"plan":{"name":"pro","space":976562499,"collaborators":0,"private_repos":9999}}
[info] 
[info] +  Success! Logged into GitHub as akshatkhaitan 
[info] 
[debug] [2021-08-26T15:07:50.643Z] >>> [apiv2][query] GET https://api.github.com/repos//actions/secrets/public-key type=owner
[debug] [2021-08-26T15:07:51.028Z] <<< [apiv2][status] GET https://api.github.com/repos//actions/secrets/public-key 404
[debug] [2021-08-26T15:07:51.028Z] <<< [apiv2][body] GET https://api.github.com/repos//actions/secrets/public-key {"message":"Not Found","documentation_url":"https://docs.github.com/rest"}
[debug] [2021-08-26T15:07:51.158Z] >>> [apiv2][query] GET https://api.github.com/repos//actions/secrets/public-key type=owner
[debug] [2021-08-26T15:07:51.526Z] <<< [apiv2][status] GET https://api.github.com/repos//actions/secrets/public-key 404
[debug] [2021-08-26T15:07:51.526Z] <<< [apiv2][body] GET https://api.github.com/repos//actions/secrets/public-key {"message":"Not Found","documentation_url":"https://docs.github.com/rest"}
[debug] [2021-08-26T15:07:52.529Z] >>> [apiv2][query] GET https://api.github.com/repos//actions/secrets/public-key type=owner
[debug] [2021-08-26T15:07:52.904Z] <<< [apiv2][status] GET https://api.github.com/repos//actions/secrets/public-key 404
[debug] [2021-08-26T15:07:52.904Z] <<< [apiv2][body] GET https://api.github.com/repos//actions/secrets/public-key {"message":"Not Found","documentation_url":"https://docs.github.com/rest"}
[debug] [2021-08-26T15:08:06.175Z] ----------------------------------------------------------------------
[debug] [2021-08-26T15:08:06.177Z] Command:       C:\Program Files\nodejs\node.exe C:\Users\Akshat Khaitan\AppData\Roaming\npm\node_modules\firebase-tools\lib\bin\firebase.js init
[debug] [2021-08-26T15:08:06.177Z] CLI Version:   9.16.5
[debug] [2021-08-26T15:08:06.177Z] Platform:      win32
[debug] [2021-08-26T15:08:06.177Z] Node Version:  v14.17.5
[debug] [2021-08-26T15:08:06.178Z] Time:          Thu Aug 26 2021 20:38:06 GMT+0530 (India Standard Time)
[debug] [2021-08-26T15:08:06.178Z] ----------------------------------------------------------------------
[debug] 
[debug] [2021-08-26T15:08:06.184Z] > command requires scopes: ["email","openid","https://www.googleapis.com/auth/cloudplatformprojects.readonly","https://www.googleapis.com/auth/firebase","https://www.googleapis.com/auth/cloud-platform"]
[debug] [2021-08-26T15:08:06.184Z] > authorizing via signed-in user (f20202055@hyderabad.bits-pilani.ac.in)
[info] 
     ######## #### ########  ######## ########     ###     ######  ########
     ##        ##  ##     ## ##       ##     ##  ##   ##  ##       ##
     ######    ##  ########  ######   ########  #########  ######  ######
     ##        ##  ##    ##  ##       ##     ## ##     ##       ## ##
     ##       #### ##     ## ######## ########  ##     ##  ######  ########

You're about to initialize a Firebase project in this directory:

  C:\Users\Akshat Khaitan\Desktop\amazon-clone

[info] 
=== Project Setup
[info] 
[info] First, let's associate this project directory with a Firebase project.
[info] You can create multiple project aliases by running firebase use --add, 
[info] but for now we'll just set up a default project.
[info] 
[debug] [2021-08-26T15:08:35.491Z] >>> [apiv2][query] GET https://firebase.googleapis.com/v1beta1/projects pageSize=100
[debug] [2021-08-26T15:08:36.213Z] <<< [apiv2][status] GET https://firebase.googleapis.com/v1beta1/projects 200
[debug] [2021-08-26T15:08:36.213Z] <<< [apiv2][body] GET https://firebase.googleapis.com/v1beta1/projects [omitted]
[info] i  Using project challenge-be63b (amazon-challenge) 
[info] 
=== Hosting Setup
[info] 
[info] Your public directory is the folder (relative to your project directory) that
[info] will contain Hosting assets to be uploaded with firebase deploy. If you
[info] have a build process for your assets, use your build's output directory.
[info] 
[debug] [2021-08-26T15:08:50.693Z] >>> [apiv2][query] GET https://www.gstatic.com/firebasejs/releases.json [none]
[debug] [2021-08-26T15:08:50.888Z] <<< [apiv2][status] GET https://www.gstatic.com/firebasejs/releases.json 200
[debug] [2021-08-26T15:08:50.889Z] <<< [apiv2][body] GET https://www.gstatic.com/firebasejs/releases.json {"current":{"version":"9.0.0","browserURLCompat":"https://www.gstatic.com/firebasejs/9.0.0/firebase-compat.js","packageURL":"https://www.gstatic.com/firebasejs/9.0.0/firebase.tgz"},"live":{"version":"9.0","browserURLCompat":"https://www.gstatic.com/firebasejs/live/9.0/firebase-compat.js","packageURL":"https://www.gstatic.com/firebasejs/live/9.0/firebase.tgz"},"components":{"analytics":"https://www.gstatic.com/firebasejs/9.0.0/firebase-analytics.js","app":"https://www.gstatic.com/firebasejs/9.0.0/firebase-app.js","app-check":"https://www.gstatic.com/firebasejs/9.0.0/firebase-app-check.js","auth":"https://www.gstatic.com/firebasejs/9.0.0/firebase-auth.js","functions":"https://www.gstatic.com/firebasejs/9.0.0/firebase-functions.js","firestore":"https://www.gstatic.com/firebasejs/9.0.0/firebase-firestore.js","storage":"https://www.gstatic.com/firebasejs/9.0.0/firebase-storage.js","performance":"https://www.gstatic.com/firebasejs/9.0.0/firebase-performance.js","remote-config":"https://www.gstatic.com/firebasejs/9.0.0/firebase-remote-config.js","messaging":"https://www.gstatic.com/firebasejs/9.0.0/firebase-messaging.js","database":"https://www.gstatic.com/firebasejs/9.0.0/firebase-database.js","app-compat":"https://www.gstatic.com/firebasejs/9.0.0/firebase-app-compat.js","analytics-compat":"https://www.gstatic.com/firebasejs/9.0.0/firebase-analytics-compat.js","app-check-compat":"https://www.gstatic.com/firebasejs/9.0.0/firebase-app-check-compat.js","auth-compat":"https://www.gstatic.com/firebasejs/9.0.0/firebase-auth-compat.js","functions-compat":"https://www.gstatic.com/firebasejs/9.0.0/firebase-functions-compat.js","messaging-compat":"https://www.gstatic.com/firebasejs/9.0.0/firebase-messaging-compat.js","performance-compat":"https://www.gstatic.com/firebasejs/9.0.0/firebase-performance-compat.js","remote-config-compat":"https://www.gstatic.com/firebasejs/9.0.0/firebase-remote-config-compat.js","firestore-compat":"https://www.gstatic.com/firebasejs/9.0.0/firebase-firestore-compat.js","storage-compat":"https://www.gstatic.com/firebasejs/9.0.0/firebase-storage-compat.js","database-compat":"https://www.gstatic.com/firebasejs/9.0.0/firebase-database-compat.js","firestore-lite":"https://www.gstatic.com/firebasejs/9.0.0/firebase-firestore-lite.js","messaging-sw":"https://www.gstatic.com/firebasejs/9.0.0/firebase-messaging-sw.js","auth-cordova":"https://www.gstatic.com/firebasejs/9.0.0/firebase-auth-cordova.js","auth-react-native":"https://www.gstatic.com/firebasejs/9.0.0/firebase-auth-react-native.js","performance-standalone":"https://www.gstatic.com/firebasejs/9.0.0/firebase-performance-standalone.js","performance-standalone-compat":"https://www.gstatic.com/firebasejs/9.0.0/firebase-performance-standalone-compat.js"}}
